\BOOKMARK [1][-]{section.1}{Introduction}{}% 1
\BOOKMARK [1][-]{section.2}{Background}{}% 2
\BOOKMARK [2][-]{subsection.2.1}{The Human Brain}{section.2}% 3
\BOOKMARK [2][-]{subsection.2.2}{Neural Networks}{section.2}% 4
\BOOKMARK [2][-]{subsection.2.3}{Spiking Neural Network Architecture}{section.2}% 5
\BOOKMARK [1][-]{section.3}{Design}{}% 6
\BOOKMARK [1][-]{section.4}{Implementation}{}% 7
\BOOKMARK [2][-]{subsection.4.1}{MATLAB}{section.4}% 8
\BOOKMARK [2][-]{subsection.4.2}{SpiNNaker}{section.4}% 9
\BOOKMARK [1][-]{section.5}{Results}{}% 10
\BOOKMARK [1][-]{section.6}{Conclusion}{}% 11
\BOOKMARK [1][-]{section.7}{Future Work}{}% 12
\BOOKMARK [2][-]{subsection.7.1}{Style}{section.7}% 13
\BOOKMARK [2][-]{subsection.7.2}{Retrieval of style files}{section.7}% 14
\BOOKMARK [1][-]{section.8}{General formatting instructions}{}% 15
\BOOKMARK [1][-]{section.9}{Headings: first level}{}% 16
\BOOKMARK [2][-]{subsection.9.1}{Headings: second level}{section.9}% 17
\BOOKMARK [3][-]{subsubsection.9.1.1}{Headings: third level}{subsection.9.1}% 18
\BOOKMARK [1][-]{section.10}{Citations, figures, tables, references}{}% 19
\BOOKMARK [2][-]{subsection.10.1}{Citations within the text}{section.10}% 20
\BOOKMARK [2][-]{subsection.10.2}{Footnotes}{section.10}% 21
\BOOKMARK [2][-]{subsection.10.3}{Figures}{section.10}% 22
\BOOKMARK [2][-]{subsection.10.4}{Tables}{section.10}% 23
\BOOKMARK [1][-]{section.11}{Preparing PostScript or PDF files}{}% 24
